<?xml version="1.0" encoding="UTF-8"?>
<!-- Generated by org.testng.reporters.JUnitReportReporter -->
<testsuite name="testAssured.testCases.GET_ExcelData_Test" tests="1" time="8.319" ignored="0" failures="0" timestamp="09 Aug 2020 07:56:00 GMT" skipped="0" hostname="LAPTOP-D34DC2QJ" errors="0">
  <testcase name="getExcelDataTest" time="8.319" classname="testAssured.testCases.GET_ExcelData_Test"/>
</testsuite> <!-- testAssured.testCases.GET_ExcelData_Test -->
