<?xml version="1.0" encoding="UTF-8"?>
<!-- Generated by org.testng.reporters.JUnitReportReporter -->
<testsuite name="com.test.restAssured.restAssured.PostData_ExcelRead" tests="1" time="0.875" ignored="0" failures="0" timestamp="12 Mar 2019 13:12:22 GMT" skipped="0" hostname="Simran-PC" errors="0">
  <testcase name="testPOST" time="0.875" classname="com.test.restAssured.restAssured.PostData_ExcelRead"/>
</testsuite> <!-- com.test.restAssured.restAssured.PostData_ExcelRead -->
