<?xml version="1.0" encoding="UTF-8"?>
<!-- Generated by org.testng.reporters.JUnitReportReporter -->
<testsuite name="com.test.restAssured.restAssured.GetEUData" tests="2" time="1.951" ignored="0" failures="0" timestamp="08 Aug 2020 07:09:07 GMT" skipped="0" hostname="LAPTOP-D34DC2QJ" errors="0">
  <testcase name="testResponseBody" time="1.229" classname="com.test.restAssured.restAssured.GetEUData"/>
  <testcase name="testResponseCode" time="0.722" classname="com.test.restAssured.restAssured.GetEUData"/>
</testsuite> <!-- com.test.restAssured.restAssured.GetEUData -->
