<?xml version="1.0" encoding="UTF-8"?>
<!-- Generated by org.testng.reporters.JUnitReportReporter -->
<testsuite name="com.test.restAssured.restAssured.GetData2" tests="2" time="3.607" ignored="0" failures="0" timestamp="08 Aug 2020 07:09:08 GMT" skipped="0" hostname="LAPTOP-D34DC2QJ" errors="0">
  <testcase name="testResponseCode" time="1.317" classname="com.test.restAssured.restAssured.GetData2"/>
  <testcase name="testResponseBody" time="2.290" classname="com.test.restAssured.restAssured.GetData2"/>
</testsuite> <!-- com.test.restAssured.restAssured.GetData2 -->
