<?xml version="1.0" encoding="UTF-8"?>
<!-- Generated by org.testng.reporters.JUnitReportReporter -->
<testsuite name="com.test.restAssured.restAssured.GetEUData" tests="2" time="2.114" ignored="0" failures="0" timestamp="09 Mar 2019 09:44:57 GMT" skipped="0" hostname="Simran-PC" errors="0">
  <testcase name="testResponseCode" time="0.693" classname="com.test.restAssured.restAssured.GetEUData"/>
  <testcase name="testResponseBody" time="1.421" classname="com.test.restAssured.restAssured.GetEUData"/>
</testsuite> <!-- com.test.restAssured.restAssured.GetEUData -->
