<?xml version="1.0" encoding="UTF-8"?>
<!-- Generated by org.testng.reporters.JUnitReportReporter -->
<testsuite name="com.test.restAssured.restAssured.GetData1" tests="2" time="3.522" ignored="0" failures="0" timestamp="12 Mar 2019 13:12:22 GMT" skipped="0" hostname="Simran-PC" errors="0">
  <testcase name="testResponseBody" time="1.795" classname="com.test.restAssured.restAssured.GetData1"/>
  <testcase name="testResponseCode" time="1.727" classname="com.test.restAssured.restAssured.GetData1"/>
</testsuite> <!-- com.test.restAssured.restAssured.GetData1 -->
