<?xml version="1.0" encoding="UTF-8"?>
<!-- Generated by org.testng.reporters.JUnitReportReporter -->
<testsuite name="com.tutorial.test.Test1_JSON_POST" tests="1" time="0.877" ignored="0" failures="0" timestamp="08 Aug 2020 07:09:08 GMT" skipped="0" hostname="LAPTOP-D34DC2QJ" errors="0">
  <testcase name="testPostRequest" time="0.877" classname="com.tutorial.test.Test1_JSON_POST"/>
</testsuite> <!-- com.tutorial.test.Test1_JSON_POST -->
