<?xml version="1.0" encoding="UTF-8"?>
<!-- Generated by org.testng.reporters.JUnitReportReporter -->
<testsuite name="com.test.restAssured.restAssured.GetData" tests="2" time="5.496" ignored="0" failures="0" timestamp="26 Sep 2018 18:34:39 GMT" skipped="0" hostname="Simran-PC" errors="0">
  <testcase name="testResponseBody" time="4.523" classname="com.test.restAssured.restAssured.GetData"/>
  <testcase name="testResponseCode" time="0.973" classname="com.test.restAssured.restAssured.GetData"/>
</testsuite> <!-- com.test.restAssured.restAssured.GetData -->
