<?xml version="1.0" encoding="UTF-8"?>
<!-- Generated by org.testng.reporters.JUnitReportReporter -->
<testsuite name="com.tutorial.test.Test1" tests="1" time="3.764" ignored="0" failures="0" timestamp="09 Mar 2019 08:19:47 GMT" skipped="0" hostname="Simran-PC" errors="0">
  <testcase name="testParametersandHeadersWithAnd" time="3.764" classname="com.tutorial.test.Test1"/>
</testsuite> <!-- com.tutorial.test.Test1 -->
