<?xml version="1.0" encoding="UTF-8"?>
<!-- Generated by org.testng.reporters.JUnitReportReporter -->
<testsuite name="com.tutorial.test.Test1_JSON_GET" tests="1" time="0.471" ignored="0" failures="0" timestamp="09 Mar 2019 09:44:57 GMT" skipped="0" hostname="Simran-PC" errors="0">
  <testcase name="testDetachRoot" time="0.471" classname="com.tutorial.test.Test1_JSON_GET"/>
</testsuite> <!-- com.tutorial.test.Test1_JSON_GET -->
