<?xml version="1.0" encoding="UTF-8"?>
<!-- Generated by org.testng.reporters.JUnitReportReporter -->
<testsuite name="com.test.restAssured.restAssured.GetData1" tests="2" time="2.618" ignored="0" failures="0" timestamp="08 Aug 2020 07:09:08 GMT" skipped="0" hostname="LAPTOP-D34DC2QJ" errors="0">
  <testcase name="testResponseCode" time="1.353" classname="com.test.restAssured.restAssured.GetData1"/>
  <testcase name="testResponseBody" time="1.265" classname="com.test.restAssured.restAssured.GetData1"/>
</testsuite> <!-- com.test.restAssured.restAssured.GetData1 -->
