<?xml version="1.0" encoding="UTF-8"?>
<!-- Generated by org.testng.reporters.JUnitReportReporter -->
<testsuite name="testAssured.testCases.E2E_Typicode_User" tests="1" time="2.277" ignored="0" failures="0" timestamp="08 Aug 2020 15:04:41 GMT" skipped="0" hostname="LAPTOP-D34DC2QJ" errors="0">
  <testcase name="e2eTypicodeUser" time="2.277" classname="testAssured.testCases.E2E_Typicode_User"/>
</testsuite> <!-- testAssured.testCases.E2E_Typicode_User -->
