<?xml version="1.0" encoding="UTF-8"?>
<!-- Generated by org.testng.reporters.JUnitReportReporter -->
<testsuite name="testAssured.tests.Test1_JSON_POST" tests="1" time="0.998" ignored="0" failures="0" timestamp="08 Aug 2020 08:55:31 GMT" skipped="0" hostname="LAPTOP-D34DC2QJ" errors="0">
  <testcase name="testPostRequest" time="0.998" classname="testAssured.tests.Test1_JSON_POST"/>
</testsuite> <!-- testAssured.tests.Test1_JSON_POST -->
