<?xml version="1.0" encoding="UTF-8"?>
<!-- Generated by org.testng.reporters.JUnitReportReporter -->
<testsuite name="com.test.restAssured.restAssured.GetData_Assertion" tests="1" time="1.219" ignored="0" failures="0" timestamp="09 Mar 2019 07:47:24 GMT" skipped="0" hostname="Simran-PC" errors="0">
  <testcase name="startTest" time="1.219" classname="com.test.restAssured.restAssured.GetData_Assertion"/>
</testsuite> <!-- com.test.restAssured.restAssured.GetData_Assertion -->
