<?xml version="1.0" encoding="UTF-8"?>
<!-- Generated by org.testng.reporters.JUnitReportReporter -->
<testsuite name="com.test.restAssured.restAssured.GetData" tests="2" time="1.734" ignored="0" failures="0" timestamp="09 Mar 2019 09:44:57 GMT" skipped="0" hostname="Simran-PC" errors="0">
  <testcase name="testResponseCode" time="0.877" classname="com.test.restAssured.restAssured.GetData"/>
  <testcase name="testResponseBody" time="0.857" classname="com.test.restAssured.restAssured.GetData"/>
</testsuite> <!-- com.test.restAssured.restAssured.GetData -->
