<?xml version="1.0" encoding="UTF-8"?>
<!-- Generated by org.testng.reporters.JUnitReportReporter -->
<testsuite name="com.test.restAssured.restAssured.GetCallBDD" tests="1" time="4.479" ignored="0" failures="0" timestamp="12 Mar 2019 13:12:22 GMT" skipped="0" hostname="Simran-PC" errors="0">
  <testcase name="test_numberOfCircuitsfor2017" time="4.479" classname="com.test.restAssured.restAssured.GetCallBDD"/>
</testsuite> <!-- com.test.restAssured.restAssured.GetCallBDD -->
