<?xml version="1.0" encoding="UTF-8"?>
<!-- Generated by org.testng.reporters.JUnitReportReporter -->
<testsuite name="testAssured.tests.Test1_JSON_GET" tests="9" time="10.545" ignored="0" failures="0" timestamp="09 Aug 2020 06:38:51 GMT" skipped="0" hostname="LAPTOP-D34DC2QJ" errors="0">
  <testcase name="testEqualToFunction" time="1.237" classname="testAssured.tests.Test1_JSON_GET"/>
  <testcase name="testParametersandHeadersWithAnd" time="1.377" classname="testAssured.tests.Test1_JSON_GET"/>
  <testcase name="testParametersandHeaders" time="1.333" classname="testAssured.tests.Test1_JSON_GET"/>
  <testcase name="testStatusCode" time="1.537" classname="testAssured.tests.Test1_JSON_GET"/>
  <testcase name="testWithRoot" time="0.761" classname="testAssured.tests.Test1_JSON_GET"/>
  <testcase name="testWithoutRoot" time="0.515" classname="testAssured.tests.Test1_JSON_GET"/>
  <testcase name="testDetachRoot" time="0.696" classname="testAssured.tests.Test1_JSON_GET"/>
  <testcase name="testHasItemFunction" time="1.350" classname="testAssured.tests.Test1_JSON_GET"/>
  <testcase name="testLogging" time="1.739" classname="testAssured.tests.Test1_JSON_GET"/>
</testsuite> <!-- testAssured.tests.Test1_JSON_GET -->
