<?xml version="1.0" encoding="UTF-8"?>
<!-- Generated by org.testng.reporters.JUnitReportReporter -->
<testsuite name="testAssured.testCases.GET_Typicode_AllUsers" tests="1" time="3.843" ignored="0" failures="0" timestamp="09 Aug 2020 10:46:43 GMT" skipped="0" hostname="LAPTOP-D34DC2QJ" errors="0">
  <testcase name="getTypicodeAllUsers" time="3.843" classname="testAssured.testCases.GET_Typicode_AllUsers"/>
</testsuite> <!-- testAssured.testCases.GET_Typicode_AllUsers -->
