<?xml version="1.0" encoding="UTF-8"?>
<!-- Generated by org.testng.reporters.JUnitReportReporter -->
<testsuite name="testAssured.testCases.GetCallBDD" tests="1" time="3.193" ignored="0" failures="0" timestamp="08 Aug 2020 07:49:43 GMT" skipped="0" hostname="LAPTOP-D34DC2QJ" errors="0">
  <testcase name="test_numberOfCircuitsfor2017" time="3.193" classname="testAssured.testCases.GetCallBDD"/>
</testsuite> <!-- testAssured.testCases.GetCallBDD -->
