<?xml version="1.0" encoding="UTF-8"?>
<!-- Generated by org.testng.reporters.JUnitReportReporter -->
<testsuite name="testAssured.HTTPMethods.GET_Test" tests="2" time="2.260" ignored="0" failures="0" timestamp="09 Aug 2020 06:47:19 GMT" skipped="0" hostname="LAPTOP-D34DC2QJ" errors="0">
  <testcase name="getAllBooks" time="2.222" classname="testAssured.HTTPMethods.GET_Test"/>
  <testcase name="getBookByISBN" time="0.038" classname="testAssured.HTTPMethods.GET_Test"/>
</testsuite> <!-- testAssured.HTTPMethods.GET_Test -->
