<?xml version="1.0" encoding="UTF-8"?>
<!-- Generated by org.testng.reporters.JUnitReportReporter -->
<testsuite name="com.tutorial.test.Test1_XML_GET" tests="1" time="1.345" ignored="0" failures="0" timestamp="08 Aug 2020 07:09:08 GMT" skipped="0" hostname="LAPTOP-D34DC2QJ" errors="0">
  <testcase name="testXpath2" time="1.345" classname="com.tutorial.test.Test1_XML_GET"/>
</testsuite> <!-- com.tutorial.test.Test1_XML_GET -->
