<?xml version="1.0" encoding="UTF-8"?>
<!-- Generated by org.testng.reporters.JUnitReportReporter -->
<testsuite name="testAssured.testCases.GET_EU_Test" tests="1" time="0.754" ignored="0" failures="0" timestamp="09 Aug 2020 06:38:51 GMT" skipped="0" hostname="LAPTOP-D34DC2QJ" errors="0">
  <testcase name="getEUTest" time="0.754" classname="testAssured.testCases.GET_EU_Test"/>
</testsuite> <!-- testAssured.testCases.GET_EU_Test -->
