<?xml version="1.0" encoding="UTF-8"?>
<!-- Generated by org.testng.reporters.JUnitReportReporter -->
<testsuite name="com.test.restAssured.restAssured.GetData1" tests="2" time="1.772" ignored="0" failures="0" timestamp="09 Mar 2019 07:47:24 GMT" skipped="0" hostname="Simran-PC" errors="0">
  <testcase name="testResponseBody" time="0.827" classname="com.test.restAssured.restAssured.GetData1"/>
  <testcase name="testResponseCode" time="0.945" classname="com.test.restAssured.restAssured.GetData1"/>
</testsuite> <!-- com.test.restAssured.restAssured.GetData1 -->
