<?xml version="1.0" encoding="UTF-8"?>
<!-- Generated by org.testng.reporters.JUnitReportReporter -->
<testsuite name="testAssured.testCases.GetEUData" tests="2" time="1.982" ignored="0" failures="0" timestamp="08 Aug 2020 08:37:23 GMT" skipped="0" hostname="LAPTOP-D34DC2QJ" errors="0">
  <testcase name="testResponseCode" time="1.981" classname="testAssured.testCases.GetEUData"/>
  <testcase name="testResponseBody" time="0.001" classname="testAssured.testCases.GetEUData"/>
</testsuite> <!-- testAssured.testCases.GetEUData -->
