<?xml version="1.0" encoding="UTF-8"?>
<!-- Generated by org.testng.reporters.JUnitReportReporter -->
<testsuite name="com.test.restAssured.restAssured.GetData" tests="2" time="1.732" ignored="0" failures="0" timestamp="09 Mar 2019 07:47:24 GMT" skipped="0" hostname="Simran-PC" errors="0">
  <testcase name="testResponseBody" time="0.848" classname="com.test.restAssured.restAssured.GetData"/>
  <testcase name="testResponseCode" time="0.884" classname="com.test.restAssured.restAssured.GetData"/>
</testsuite> <!-- com.test.restAssured.restAssured.GetData -->
