<?xml version="1.0" encoding="UTF-8"?>
<!-- Generated by org.testng.reporters.JUnitReportReporter -->
<testsuite name="com.tutorial.test.Test1_JSON_POST" tests="1" time="0.719" ignored="0" failures="0" timestamp="12 Mar 2019 13:12:22 GMT" skipped="0" hostname="Simran-PC" errors="0">
  <testcase name="testPostRequest" time="0.719" classname="com.tutorial.test.Test1_JSON_POST"/>
</testsuite> <!-- com.tutorial.test.Test1_JSON_POST -->
