<?xml version="1.0" encoding="UTF-8"?>
<!-- Generated by org.testng.reporters.JUnitReportReporter -->
<testsuite name="com.test.restAssured.restAssured.TestByExcelData" tests="1" time="13.475" ignored="0" failures="0" timestamp="08 Aug 2020 07:30:03 GMT" skipped="0" hostname="LAPTOP-D34DC2QJ" errors="0">
  <testcase name="test" time="13.475" classname="com.test.restAssured.restAssured.TestByExcelData"/>
</testsuite> <!-- com.test.restAssured.restAssured.TestByExcelData -->
