<?xml version="1.0" encoding="UTF-8"?>
<!-- Generated by org.testng.reporters.JUnitReportReporter -->
<testsuite name="com.test.restAssured.restAssured.GetCallBDD" tests="1" time="4.672" ignored="0" failures="0" timestamp="08 Aug 2020 07:09:08 GMT" skipped="0" hostname="LAPTOP-D34DC2QJ" errors="0">
  <testcase name="test_numberOfCircuitsfor2017" time="4.672" classname="com.test.restAssured.restAssured.GetCallBDD"/>
</testsuite> <!-- com.test.restAssured.restAssured.GetCallBDD -->
