<?xml version="1.0" encoding="UTF-8"?>
<!-- Generated by org.testng.reporters.JUnitReportReporter -->
<testsuite name="com.test.restAssured.restAssured.TestByExcelData" tests="1" time="5.410" ignored="0" failures="0" timestamp="12 Mar 2019 13:12:22 GMT" skipped="0" hostname="Simran-PC" errors="0">
  <testcase name="test" time="5.410" classname="com.test.restAssured.restAssured.TestByExcelData"/>
</testsuite> <!-- com.test.restAssured.restAssured.TestByExcelData -->
