<?xml version="1.0" encoding="UTF-8"?>
<!-- Generated by org.testng.reporters.JUnitReportReporter -->
<testsuite name="com.test.restAssured.restAssured.PostData1" tests="1" time="2.147" ignored="0" failures="0" timestamp="08 Aug 2020 07:09:08 GMT" skipped="0" hostname="LAPTOP-D34DC2QJ" errors="0">
  <testcase name="testPOST" time="2.147" classname="com.test.restAssured.restAssured.PostData1"/>
</testsuite> <!-- com.test.restAssured.restAssured.PostData1 -->
