<?xml version="1.0" encoding="UTF-8"?>
<!-- Generated by org.testng.reporters.JUnitReportReporter -->
<testsuite name="com.test.restAssured.restAssured.GetData" tests="2" time="2.563" ignored="0" failures="0" timestamp="12 Mar 2019 13:12:22 GMT" skipped="0" hostname="Simran-PC" errors="0">
  <testcase name="testResponseBody" time="0.959" classname="com.test.restAssured.restAssured.GetData"/>
  <testcase name="testResponseCode" time="1.604" classname="com.test.restAssured.restAssured.GetData"/>
</testsuite> <!-- com.test.restAssured.restAssured.GetData -->
