<?xml version="1.0" encoding="UTF-8"?>
<!-- Generated by org.testng.reporters.JUnitReportReporter -->
<testsuite name="testAssured.testCases.POST_ExcelData_Test" tests="1" time="1.558" ignored="0" failures="0" timestamp="09 Aug 2020 06:38:51 GMT" skipped="0" hostname="LAPTOP-D34DC2QJ" errors="0">
  <testcase name="postExcelDataTest" time="1.558" classname="testAssured.testCases.POST_ExcelData_Test"/>
</testsuite> <!-- testAssured.testCases.POST_ExcelData_Test -->
