<?xml version="1.0" encoding="UTF-8"?>
<!-- Generated by org.testng.reporters.JUnitReportReporter -->
<testsuite name="testAssured.HTTPMethods.DELETE_Test" tests="1" time="1.945" ignored="0" failures="0" timestamp="09 Aug 2020 06:38:51 GMT" skipped="0" hostname="LAPTOP-D34DC2QJ" errors="0">
  <testcase name="testDelete" time="1.945" classname="testAssured.HTTPMethods.DELETE_Test"/>
</testsuite> <!-- testAssured.HTTPMethods.DELETE_Test -->
