<?xml version="1.0" encoding="UTF-8"?>
<!-- Generated by org.testng.reporters.JUnitReportReporter -->
<testsuite name="com.tutorial.test.Test1_XML_GET" tests="1" time="2.208" ignored="0" failures="0" timestamp="12 Mar 2019 13:12:22 GMT" skipped="0" hostname="Simran-PC" errors="0">
  <testcase name="testXpath2" time="2.208" classname="com.tutorial.test.Test1_XML_GET"/>
</testsuite> <!-- com.tutorial.test.Test1_XML_GET -->
