<?xml version="1.0" encoding="UTF-8"?>
<!-- Generated by org.testng.reporters.JUnitReportReporter -->
<testsuite name="com.test.restAssured.restAssured.GetData_Assertion" tests="1" time="1.754" ignored="0" failures="0" timestamp="08 Aug 2020 07:09:07 GMT" skipped="0" hostname="LAPTOP-D34DC2QJ" errors="0">
  <testcase name="startTest" time="1.754" classname="com.test.restAssured.restAssured.GetData_Assertion"/>
</testsuite> <!-- com.test.restAssured.restAssured.GetData_Assertion -->
