<?xml version="1.0" encoding="UTF-8"?>
<!-- Generated by org.testng.reporters.JUnitReportReporter -->
<testsuite name="com.test.restAssured.restAssured.GetCallBDD" tests="1" time="6.105" ignored="0" failures="0" timestamp="03 Oct 2018 19:06:38 GMT" skipped="0" hostname="Simran-PC" errors="0">
  <testcase name="test_numberOfCircuits_2017" time="6.105" classname="com.test.restAssured.restAssured.GetCallBDD"/>
</testsuite> <!-- com.test.restAssured.restAssured.GetCallBDD -->
