<?xml version="1.0" encoding="UTF-8"?>
<!-- Generated by org.testng.reporters.JUnitReportReporter -->
<testsuite name="com.test.restAssured.restAssured.GetEUData" tests="2" time="2.082" ignored="0" failures="0" timestamp="09 Mar 2019 07:47:24 GMT" skipped="0" hostname="Simran-PC" errors="0">
  <testcase name="testResponseCode" time="0.716" classname="com.test.restAssured.restAssured.GetEUData"/>
  <testcase name="testResponseBody" time="1.366" classname="com.test.restAssured.restAssured.GetEUData"/>
</testsuite> <!-- com.test.restAssured.restAssured.GetEUData -->
