<?xml version="1.0" encoding="UTF-8"?>
<!-- Generated by org.testng.reporters.JUnitReportReporter -->
<testsuite name="com.test.restAssured.restAssured.GetData_XML" tests="1" time="0.898" ignored="0" failures="0" timestamp="09 Mar 2019 09:44:57 GMT" skipped="0" hostname="Simran-PC" errors="0">
  <testcase name="checkCountryForFirstCar" time="0.898" classname="com.test.restAssured.restAssured.GetData_XML"/>
</testsuite> <!-- com.test.restAssured.restAssured.GetData_XML -->
