<?xml version="1.0" encoding="UTF-8"?>
<!-- Generated by org.testng.reporters.JUnitReportReporter -->
<testsuite name="com.test.restAssured.restAssured.GetEUData" tests="2" time="1.720" ignored="0" failures="0" timestamp="12 Mar 2019 13:12:22 GMT" skipped="0" hostname="Simran-PC" errors="0">
  <testcase name="testResponseCode" time="0.660" classname="com.test.restAssured.restAssured.GetEUData"/>
  <testcase name="testResponseBody" time="1.060" classname="com.test.restAssured.restAssured.GetEUData"/>
</testsuite> <!-- com.test.restAssured.restAssured.GetEUData -->
