<?xml version="1.0" encoding="UTF-8"?>
<!-- Generated by org.testng.reporters.JUnitReportReporter -->
<testsuite name="testAssured.tests.Test1_XML_GET" tests="1" time="1.523" ignored="0" failures="0" timestamp="09 Aug 2020 06:38:51 GMT" skipped="0" hostname="LAPTOP-D34DC2QJ" errors="0">
  <testcase name="testXpath2" time="1.523" classname="testAssured.tests.Test1_XML_GET"/>
</testsuite> <!-- testAssured.tests.Test1_XML_GET -->
